<?xml version="1.0" encoding="UTF-8"?>
<testsuite xmlns:xsi="http://www.w3.org/2001/XMLSchema-instance" xsi:noNamespaceSchemaLocation="https://maven.apache.org/surefire/maven-surefire-plugin/xsd/surefire-test-report.xsd" name="com.myapp.AppTest" time="0.011" tests="1" errors="0" skipped="0" failures="0">
  <properties>
    <property name="sun.desktop" value="windows"/>
    <property name="awt.toolkit" value="sun.awt.windows.WToolkit"/>
    <property name="file.encoding.pkg" value="sun.io"/>
    <property name="java.specification.version" value="1.8"/>
    <property name="sun.cpu.isalist" value="amd64"/>
    <property name="sun.jnu.encoding" value="Cp1252"/>
    <property name="java.class.path" value="D:\git\AdventOfCode\target\test-classes;D:\git\AdventOfCode\target\classes;C:\Users\Hocvo\.m2\repository\junit\junit\4.11\junit-4.11.jar;C:\Users\Hocvo\.m2\repository\org\hamcrest\hamcrest-core\1.3\hamcrest-core-1.3.jar;C:\Users\Hocvo\.m2\repository\commons-io\commons-io\2.11.0\commons-io-2.11.0.jar;"/>
    <property name="java.vm.vendor" value="Oracle Corporation"/>
    <property name="sun.arch.data.model" value="64"/>
    <property name="user.variant" value=""/>
    <property name="java.vendor.url" value="http://java.oracle.com/"/>
    <property name="user.timezone" value="America/Los_Angeles"/>
    <property name="java.vm.specification.version" value="1.8"/>
    <property name="os.name" value="Windows 11"/>
    <property name="user.country" value="US"/>
    <property name="sun.java.launcher" value="SUN_STANDARD"/>
    <property name="sun.boot.library.path" value="D:\Applications\openjdk-8u392-b08\jre\bin"/>
    <property name="sun.java.command" value="C:\Users\Hocvo\AppData\Local\Temp\surefire4883097482478600567\surefirebooter4931794321558142142.jar C:\Users\Hocvo\AppData\Local\Temp\surefire4883097482478600567 2023-11-30T21-01-33_270-jvmRun1 surefire162239466731405525tmp surefire_07367386854281501943tmp"/>
    <property name="surefire.test.class.path" value="D:\git\AdventOfCode\target\test-classes;D:\git\AdventOfCode\target\classes;C:\Users\Hocvo\.m2\repository\junit\junit\4.11\junit-4.11.jar;C:\Users\Hocvo\.m2\repository\org\hamcrest\hamcrest-core\1.3\hamcrest-core-1.3.jar;C:\Users\Hocvo\.m2\repository\commons-io\commons-io\2.11.0\commons-io-2.11.0.jar;"/>
    <property name="sun.cpu.endian" value="little"/>
    <property name="user.home" value="C:\Users\Hocvo"/>
    <property name="user.language" value="en"/>
    <property name="java.specification.vendor" value="Oracle Corporation"/>
    <property name="java.home" value="D:\Applications\openjdk-8u392-b08\jre"/>
    <property name="basedir" value="D:\git\AdventOfCode"/>
    <property name="style.color" value="always"/>
    <property name="file.separator" value="\"/>
    <property name="line.separator" value="&#10;"/>
    <property name="java.vm.specification.vendor" value="Oracle Corporation"/>
    <property name="java.specification.name" value="Java Platform API Specification"/>
    <property name="java.awt.graphicsenv" value="sun.awt.Win32GraphicsEnvironment"/>
    <property name="surefire.real.class.path" value="C:\Users\Hocvo\AppData\Local\Temp\surefire4883097482478600567\surefirebooter4931794321558142142.jar"/>
    <property name="sun.boot.class.path" value="D:\Applications\openjdk-8u392-b08\jre\lib\resources.jar;D:\Applications\openjdk-8u392-b08\jre\lib\rt.jar;D:\Applications\openjdk-8u392-b08\jre\lib\sunrsasign.jar;D:\Applications\openjdk-8u392-b08\jre\lib\jsse.jar;D:\Applications\openjdk-8u392-b08\jre\lib\jce.jar;D:\Applications\openjdk-8u392-b08\jre\lib\charsets.jar;D:\Applications\openjdk-8u392-b08\jre\lib\jfr.jar;D:\Applications\openjdk-8u392-b08\jre\classes"/>
    <property name="user.script" value=""/>
    <property name="sun.management.compiler" value="HotSpot 64-Bit Tiered Compilers"/>
    <property name="java.runtime.version" value="1.8.0_392-392-b08"/>
    <property name="user.name" value="Hocvo"/>
    <property name="path.separator" value=";"/>
    <property name="os.version" value="10.0"/>
    <property name="java.endorsed.dirs" value="D:\Applications\openjdk-8u392-b08\jre\lib\endorsed"/>
    <property name="java.runtime.name" value="OpenJDK Runtime Environment"/>
    <property name="file.encoding" value="Cp1252"/>
    <property name="java.vm.name" value="OpenJDK 64-Bit Server VM"/>
    <property name="localRepository" value="C:\Users\Hocvo\.m2\repository"/>
    <property name="java.vendor.url.bug" value="http://bugreport.sun.com/bugreport/"/>
    <property name="java.io.tmpdir" value="C:\Users\Hocvo\AppData\Local\Temp\"/>
    <property name="java.version" value="1.8.0_392-392"/>
    <property name="user.dir" value="D:\git\AdventOfCode"/>
    <property name="os.arch" value="amd64"/>
    <property name="java.vm.specification.name" value="Java Virtual Machine Specification"/>
    <property name="java.awt.printerjob" value="sun.awt.windows.WPrinterJob"/>
    <property name="sun.os.patch.level" value=""/>
    <property name="java.library.path" value="D:\Applications\openjdk-8u392-b08\jre\bin;C:\Windows\Sun\Java\bin;C:\Windows\system32;C:\Windows;C:/Applications/eclipse//plugins/org.eclipse.justj.openjdk.hotspot.jre.full.win32.x86_64_17.0.9.v20231028-0858/jre/bin/server;C:/Applications/eclipse//plugins/org.eclipse.justj.openjdk.hotspot.jre.full.win32.x86_64_17.0.9.v20231028-0858/jre/bin;C:\Windows\system32;C:\Windows;C:\Windows\System32\Wbem;C:\Windows\System32\WindowsPowerShell\v1.0\;C:\Windows\System32\OpenSSH\;C:\Program Files\Microsoft VS Code\bin;D:\Applications\python3.10.9;C:\Applications\jdk-17.0.5\bin;C:\Program Files\Git\cmd;D:\Applications\python3.10.9\;D:\Applications\python3.10.9\Scripts;C:\Program Files\Microsoft SQL Server\150\Tools\Binn\;C:\Program Files\Microsoft SQL Server\Client SDK\ODBC\170\Tools\Binn\;C:\Program Files\dotnet\;C:\Program Files\Calibre2\;D:\Applications\python3.10.9\Scripts\;D:\Applications\python3.10.9\;C:\Users\Hocvo\AppData\Local\Microsoft\WindowsApps;C:\Users\Hocvo\.dotnet\tools;D:\Applications\apache-maven-3.9.5\bin;D:\Applications\openjdk-8u392-b08\bin;;C:\Applications\eclipse;;."/>
    <property name="java.vm.info" value="mixed mode"/>
    <property name="java.vendor" value="OpenLogic-OpenJDK"/>
    <property name="java.vm.version" value="25.392-b08"/>
    <property name="java.specification.maintenance.version" value="5"/>
    <property name="java.ext.dirs" value="D:\Applications\openjdk-8u392-b08\jre\lib\ext;C:\Windows\Sun\Java\lib\ext"/>
    <property name="sun.io.unicode.encoding" value="UnicodeLittle"/>
    <property name="java.class.version" value="52.0"/>
  </properties>
  <testcase name="shouldAnswerWithTrue" classname="com.myapp.AppTest" time="0.001"/>
</testsuite>